<?xml version="1.0" encoding="UTF-8"?>
<!-- Generated by org.testng.reporters.JUnitReportReporter -->
<testsuite skipped="0" hostname="san3149591" name="MongoConnect.testCases" tests="1" failures="0" timestamp="27 Sep 2019 10:11:36 GMT" time="23.683" errors="0">
  <testcase name="RunTest" time="23.683" classname="MongoConnect.testCases"/>
</testsuite> <!-- MongoConnect.testCases -->
